<?xml version="1.0" encoding="UTF-8"?>
<!-- Generated by org.testng.reporters.JUnitReportReporter -->
<testsuite hostname="DESKTOP-OU10O0D" failures="0" tests="1" name="Testpkg.Contacttest" time="2.392" errors="0" timestamp="2024-03-21T17:52:29 IST" skipped="0">
  <testcase classname="Testpkg.Contacttest" name="search" time="2.392"/>
</testsuite> <!-- Testpkg.Contacttest -->
