<?xml version="1.0" encoding="UTF-8"?>
<!-- Generated by org.testng.reporters.JUnitReportReporter -->
<testsuite hostname="DESKTOP-OU10O0D" failures="0" tests="1" name="Testpkg.Search" time="2.853" errors="0" timestamp="2024-03-19T19:15:22 IST" skipped="0">
  <testcase classname="Testpkg.Search" name="search" time="2.853"/>
</testsuite> <!-- Testpkg.Search -->
