<?xml version="1.0" encoding="UTF-8"?>
<!-- Generated by org.testng.reporters.JUnitReportReporter -->
<testsuite hostname="DESKTOP-OU10O0D" failures="0" tests="1" name="Testpkg.Scrollinordertest" time="2.967" errors="0" timestamp="2024-03-21T17:41:41 IST" skipped="0">
  <testcase classname="Testpkg.Scrollinordertest" name="order" time="2.967"/>
</testsuite> <!-- Testpkg.Scrollinordertest -->
